<?xml version="1.0" encoding="UTF-8" standalone="no"?>
<testsuite errors="0" failures="0" name="io.cucumber.core.plugin.JUnitFormatter" skipped="0" tests="2" time="47.389">
    <testcase classname="feature to test Google search functionality" name="Validate Google search is working" time="46.955">
        <system-out><![CDATA[Given browser is open.......................................................passed
And user is on google search page...........................................passed
When user enters a text in search box.......................................passed
And hits enter..............................................................passed
Then user is navigated to search results....................................passed
]]></system-out>
    </testcase>
    <testcase classname="feature to test login functionality" name="Check login is successfull with valid credentials" time="0.003">
        <system-out><![CDATA[Given user is on login page.................................................passed
When user enters username and password......................................passed
And clicks on login button..................................................passed
Then user is navigated to the homepage......................................passed
]]></system-out>
    </testcase>
</testsuite>
